<?xml version="1.0" encoding="UTF-8"?>
<!-- Generated by org.testng.reporters.JUnitReportReporter -->
<testsuite hostname="Hamzas-MacBook-Air.local" failures="0" tests="1" name="com.heeradigital.testcases.HD_LOGIN" time="23.142" errors="0" timestamp="2023-01-07T17:22:00 PKT" skipped="0">
  <testcase classname="com.heeradigital.testcases.HD_LOGIN" name="loginApp" time="23.142"/>
  <system-out/>
</testsuite> <!-- com.heeradigital.testcases.HD_LOGIN -->
